2025-02-02 12:55:32 [D] WTelegramBot 8.2.1+b904b87dd97a79c0262df4cd45c37ec391d60740 using SqliteConnection WTelegramBotClient.db
2025-02-02 12:55:32 [D] WTelegramClient 4.2.7+cbcb11e25e8b083c66909c1d0569ad8b8e10f608 running under .NET 9.0.1
2025-02-02 12:55:32 [I] Connecting to 149.154.167.50:443...
2025-02-02 12:55:33 [D] Loaded a public key with fingerprint D09D1D85DE64FD85
2025-02-02 12:55:33 [D] Loaded a public key with fingerprint B25898DF208D2603
2025-02-02 12:55:33 [D] 0>Sending   ReqPqMulti...
2025-02-02 12:55:33 [D] 0>Receiving ResPQ                                    2025-02-02 11:55:35Z clear
2025-02-02 12:55:33 [I] Selected public key with fingerprint D09D1D85DE64FD85
2025-02-02 12:55:33 [D] 0>Sending   ReqDHParams...
2025-02-02 12:55:33 [D] 0>Receiving ServerDHParamsOk                         2025-02-02 11:55:35Z clear
2025-02-02 12:55:33 [I] Verifying encryption key safety... (this should happen only once per DC)
2025-02-02 12:55:33 [D] Time offset: 10041159 | Server: 11:55:35 UTC | Local: 11:55:33.9958841 UTC
2025-02-02 12:55:34 [D] 0>Sending   SetClientDHParams...
2025-02-02 12:55:35 [D] 0>Receiving DhGenOk                                  2025-02-02 11:55:35Z clear
2025-02-02 12:55:35 [D] 0>Sending   InvokeWithLayer`1                        #E750
2025-02-02 12:55:35 [D] 0>Receiving MsgContainer                             2025-02-02 11:55:35Z (svc)
2025-02-02 12:55:35 [D]             → NewSessionCreated                      2025-02-02 11:55:35Z  
2025-02-02 12:55:35 [D]             → MsgsAck                                2025-02-02 11:55:35Z (svc) 
2025-02-02 12:55:35 [D] 0>Receiving RpcResult                                2025-02-02 11:55:35Z
2025-02-02 12:55:35 [D]              → Config                                #E750
2025-02-02 12:55:35 [I] Connected to DC 2... default_p2p_contacts, revoke_pm_inbox
2025-02-02 12:55:35 [D] 2>Sending   MsgContainer                             2025-02-02 11:55:35Z (svc)
2025-02-02 12:55:35 [D]             → MsgsAck                               
2025-02-02 12:55:35 [D]             → Auth_ImportBotAuthorization            #4719
2025-02-02 12:55:35 [D] 2>Receiving RpcResult                                2025-02-02 11:55:35Z
2025-02-02 12:55:35 [E]              → RpcError 303 USER_MIGRATE_4           #4719
2025-02-02 12:55:35 [D] 2>Sending   MsgsAck                                  2025-02-02 11:55:35Z (svc)
2025-02-02 12:55:35 [I] Connecting to 149.154.167.91:443...
2025-02-02 12:55:35 [D] 4>Sending   ReqPqMulti...
2025-02-02 12:55:35 [D] 4>Receiving ResPQ                                    2025-02-02 11:55:37Z clear
2025-02-02 12:55:35 [I] Selected public key with fingerprint D09D1D85DE64FD85
2025-02-02 12:55:35 [D] 4>Sending   ReqDHParams...
2025-02-02 12:55:36 [D] 4>Receiving ServerDHParamsOk                         2025-02-02 11:55:37Z clear
2025-02-02 12:55:36 [I] Verifying encryption key safety... (this should happen only once per DC)
2025-02-02 12:55:36 [D] Time offset: 6587380 | Server: 11:55:37 UTC | Local: 11:55:36.3412620 UTC
2025-02-02 12:55:36 [D] 4>Sending   SetClientDHParams...
2025-02-02 12:55:36 [D] 4>Receiving DhGenOk                                  2025-02-02 11:55:37Z clear
2025-02-02 12:55:36 [D] 4>Sending   InvokeWithLayer`1                        #F925
2025-02-02 12:55:36 [D] 4>Receiving MsgContainer                             2025-02-02 11:55:37Z (svc)
2025-02-02 12:55:36 [D]             → NewSessionCreated                      2025-02-02 11:55:36Z  
2025-02-02 12:55:36 [D]             → MsgsAck                                2025-02-02 11:55:36Z (svc) 
2025-02-02 12:55:36 [D] 4>Receiving RpcResult                                2025-02-02 11:55:36Z
2025-02-02 12:55:36 [D]              → Config                                #F925
2025-02-02 12:55:36 [I] Connected to DC 4... default_p2p_contacts, revoke_pm_inbox
2025-02-02 12:55:36 [D] 4>Sending   MsgContainer                             2025-02-02 11:55:36Z (svc)
2025-02-02 12:55:36 [D]             → MsgsAck                               
2025-02-02 12:55:36 [D]             → Auth_ImportBotAuthorization            #2AF2
2025-02-02 12:55:37 [D] 4>Receiving RpcResult                                2025-02-02 11:55:37Z
2025-02-02 12:55:37 [D]              → Auth_Authorization                    #2AF2
2025-02-02 12:55:37 [D] Connected as @DragosRemoteAssistantBot (8066174051) | LastUpdateId = 0 | 0 pending updates
2025-02-02 12:55:37 [D] 4>Sending   MsgContainer                             2025-02-02 11:55:37Z (svc)
2025-02-02 12:55:37 [D]             → MsgsAck                               
2025-02-02 12:55:37 [D]             → Users_GetUsers                         #26AF
2025-02-02 12:55:37 [D] 4>Receiving RpcResult                                2025-02-02 11:55:37Z
2025-02-02 12:55:37 [D]              → UserBase[]                            #26AF
2025-02-02 12:55:37 [D] 4>Sending   MsgContainer                             2025-02-02 11:55:37Z (svc)
2025-02-02 12:55:37 [D]             → MsgsAck                               
2025-02-02 12:55:37 [D]             → Updates_GetState                       #0563
2025-02-02 12:55:38 [D] 4>Receiving RpcResult                                2025-02-02 11:55:37Z
2025-02-02 12:55:38 [D]              → Updates_State                         #0563
2025-02-02 12:55:38 [I] Got Updates_State 0->1, date=31/12/9999 23:59:59->02/02/2025 11:55:39, seq=0->1
2025-02-02 12:55:40 [D] 4>Sending   MsgContainer                             2025-02-02 11:55:40Z (svc)
2025-02-02 12:55:40 [D]             → MsgsAck                               
2025-02-02 12:55:40 [D]             → GetFutureSalts                         #6C4A
2025-02-02 12:55:40 [D] 4>Receiving FutureSalts                              2025-02-02 11:55:40Z (svc) 
2025-02-02 12:55:41 [D] 4>Sending   GetFutureSalts                           #2103
2025-02-02 12:55:41 [D] 4>Receiving FutureSalts                              2025-02-02 11:55:41Z (svc) 
2025-02-02 12:55:48 [D] 4>Receiving Updates                                  2025-02-02 11:55:47Z  
2025-02-02 12:55:48 [D] (         0,      1+1->2     ) TL.UpdateNewMessage            applied | msgID=1
